The system is: Windows - 10.0.19042 - AMD64
Compiling the C compiler identification source file "CMakeCCompilerId.c" succeeded.
Compiler: C:/Program Files (x86)/Microsoft Visual Studio/2019/Community/VC/Tools/MSVC/14.27.29110/bin/Hostx64/x64/cl.exe 
Build flags: 
Id flags:  

The output was:
0
Microsoft (R) C/C++ Optimizing Compiler Version 19.27.29112 for x64
Copyright (C) Microsoft Corporation.  All rights reserved.

CMakeCCompilerId.c
Microsoft (R) Incremental Linker Version 14.27.29112.0
Copyright (C) Microsoft Corporation.  All rights reserved.

/out:CMakeCCompilerId.exe 
CMakeCCompilerId.obj 


Compilation of the C compiler identification source "CMakeCCompilerId.c" produced "CMakeCCompilerId.exe"

Compilation of the C compiler identification source "CMakeCCompilerId.c" produced "CMakeCCompilerId.obj"

The C compiler identification is MSVC, found in "C:/Users/tl-ma/OneDrive/Desktop/GDP 6044 Networks/Class code/GDP2021_22/INFO6028/downloads/glfw-3.3.4/out/build/x64-Debug (default)/CMakeFiles/3.17.20032601-MSVC_2/CompilerIdC/CMakeCCompilerId.exe"

Determining if the C compiler works passed with the following output:
Change Dir: C:/Users/tl-ma/OneDrive/Desktop/GDP 6044 Networks/Class code/GDP2021_22/INFO6028/downloads/glfw-3.3.4/out/build/x64-Debug (default)/CMakeFiles/CMakeTmp

Run Build Command(s):C:/Program Files (x86)/Microsoft Visual Studio/2019/Community/Common7/IDE/CommonExtensions/Microsoft/CMake/Ninja/ninja.exe cmTC_ca01d && [1/2] Building C object CMakeFiles\cmTC_ca01d.dir\testCCompiler.c.obj
[2/2] Linking C executable cmTC_ca01d.exe



Detecting C compiler ABI info compiled with the following output:
Change Dir: C:/Users/tl-ma/OneDrive/Desktop/GDP 6044 Networks/Class code/GDP2021_22/INFO6028/downloads/glfw-3.3.4/out/build/x64-Debug (default)/CMakeFiles/CMakeTmp

Run Build Command(s):C:/Program Files (x86)/Microsoft Visual Studio/2019/Community/Common7/IDE/CommonExtensions/Microsoft/CMake/Ninja/ninja.exe cmTC_96c8d && [1/2] Building C object CMakeFiles\cmTC_96c8d.dir\CMakeCCompilerABI.c.obj
[2/2] Linking C executable cmTC_96c8d.exe



